{"D:\\Projects\\GossipChimp\\app.js": {"path":"D:\\Projects\\GossipChimp\\app.js","statementMap":{"0":{"start":{"line":1,"column":16},"end":{"line":1,"column":34}},"1":{"start":{"line":2,"column":13},"end":{"line":2,"column":28}},"2":{"start":{"line":3,"column":0},"end":{"line":3,"column":25}},"3":{"start":{"line":4,"column":16},"end":{"line":4,"column":47}},"4":{"start":{"line":6,"column":12},"end":{"line":6,"column":21}},"5":{"start":{"line":7,"column":0},"end":{"line":7,"column":24}},"6":{"start":{"line":8,"column":0},"end":{"line":8,"column":16}},"7":{"start":{"line":10,"column":0},"end":{"line":10,"column":17}},"8":{"start":{"line":12,"column":0},"end":{"line":12,"column":21}}},"fnMap":{},"branchMap":{},"s":{"0":4,"1":4,"2":4,"3":4,"4":4,"5":4,"6":4,"7":4,"8":4},"f":{},"b":{},"_coverageSchema":"1a1c01bbd47fc00a2c39e90264f33305004495a9","hash":"7bd07bcb7143cabfe777894a4f9f9ac2721d258b"}
,"D:\\Projects\\GossipChimp\\components\\posting\\index.js": {"path":"D:\\Projects\\GossipChimp\\components\\posting\\index.js","statementMap":{"0":{"start":{"line":1,"column":16},"end":{"line":1,"column":42}},"1":{"start":{"line":3,"column":0},"end":{"line":3,"column":25}}},"fnMap":{},"branchMap":{},"s":{"0":4,"1":4},"f":{},"b":{},"_coverageSchema":"1a1c01bbd47fc00a2c39e90264f33305004495a9","hash":"433285afbb7ae4cc41100457dbf9f88ee434fc40"}
,"D:\\Projects\\GossipChimp\\components\\posting\\postingController.js": {"path":"D:\\Projects\\GossipChimp\\components\\posting\\postingController.js","statementMap":{"0":{"start":{"line":1,"column":23},"end":{"line":1,"column":50}},"1":{"start":{"line":2,"column":25},"end":{"line":2,"column":51}},"2":{"start":{"line":5,"column":16},"end":{"line":33,"column":1}},"3":{"start":{"line":6,"column":2},"end":{"line":32,"column":3}},"4":{"start":{"line":7,"column":23},"end":{"line":7,"column":59}},"5":{"start":{"line":9,"column":4},"end":{"line":16,"column":5}},"6":{"start":{"line":10,"column":6},"end":{"line":15,"column":8}},"7":{"start":{"line":17,"column":4},"end":{"line":17,"column":59}},"8":{"start":{"line":18,"column":4},"end":{"line":20,"column":7}},"9":{"start":{"line":22,"column":4},"end":{"line":24,"column":5}},"10":{"start":{"line":23,"column":6},"end":{"line":23,"column":16}},"11":{"start":{"line":25,"column":18},"end":{"line":30,"column":5}},"12":{"start":{"line":31,"column":4},"end":{"line":31,"column":16}},"13":{"start":{"line":36,"column":21},"end":{"line":54,"column":1}},"14":{"start":{"line":37,"column":2},"end":{"line":53,"column":3}},"15":{"start":{"line":38,"column":21},"end":{"line":38,"column":39}},"16":{"start":{"line":39,"column":21},"end":{"line":39,"column":39}},"17":{"start":{"line":40,"column":4},"end":{"line":40,"column":58}},"18":{"start":{"line":41,"column":4},"end":{"line":41,"column":73}},"19":{"start":{"line":43,"column":4},"end":{"line":45,"column":5}},"20":{"start":{"line":44,"column":6},"end":{"line":44,"column":16}},"21":{"start":{"line":46,"column":18},"end":{"line":51,"column":5}},"22":{"start":{"line":52,"column":4},"end":{"line":52,"column":16}},"23":{"start":{"line":56,"column":20},"end":{"line":76,"column":1}},"24":{"start":{"line":57,"column":2},"end":{"line":75,"column":3}},"25":{"start":{"line":58,"column":20},"end":{"line":58,"column":37}},"26":{"start":{"line":59,"column":4},"end":{"line":59,"column":46}},"27":{"start":{"line":60,"column":4},"end":{"line":63,"column":7}},"28":{"start":{"line":65,"column":4},"end":{"line":67,"column":5}},"29":{"start":{"line":66,"column":6},"end":{"line":66,"column":16}},"30":{"start":{"line":68,"column":18},"end":{"line":73,"column":5}},"31":{"start":{"line":74,"column":4},"end":{"line":74,"column":16}},"32":{"start":{"line":78,"column":26},"end":{"line":82,"column":1}},"33":{"start":{"line":84,"column":0},"end":{"line":84,"column":35}}},"fnMap":{"0":{"name":"(anonymous_0)","decl":{"start":{"line":5,"column":16},"end":{"line":5,"column":17}},"loc":{"start":{"line":5,"column":42},"end":{"line":33,"column":1}},"line":5},"1":{"name":"(anonymous_1)","decl":{"start":{"line":36,"column":21},"end":{"line":36,"column":22}},"loc":{"start":{"line":36,"column":47},"end":{"line":54,"column":1}},"line":36},"2":{"name":"(anonymous_2)","decl":{"start":{"line":56,"column":20},"end":{"line":56,"column":21}},"loc":{"start":{"line":56,"column":46},"end":{"line":76,"column":1}},"line":56}},"branchMap":{"0":{"loc":{"start":{"line":9,"column":4},"end":{"line":16,"column":5}},"type":"if","locations":[{"start":{"line":9,"column":4},"end":{"line":16,"column":5}},{"start":{"line":9,"column":4},"end":{"line":16,"column":5}}],"line":9},"1":{"loc":{"start":{"line":22,"column":4},"end":{"line":24,"column":5}},"type":"if","locations":[{"start":{"line":22,"column":4},"end":{"line":24,"column":5}},{"start":{"line":22,"column":4},"end":{"line":24,"column":5}}],"line":22},"2":{"loc":{"start":{"line":43,"column":4},"end":{"line":45,"column":5}},"type":"if","locations":[{"start":{"line":43,"column":4},"end":{"line":45,"column":5}},{"start":{"line":43,"column":4},"end":{"line":45,"column":5}}],"line":43},"3":{"loc":{"start":{"line":65,"column":4},"end":{"line":67,"column":5}},"type":"if","locations":[{"start":{"line":65,"column":4},"end":{"line":67,"column":5}},{"start":{"line":65,"column":4},"end":{"line":67,"column":5}}],"line":65}},"s":{"0":3,"1":3,"2":3,"3":12,"4":12,"5":12,"6":8,"7":12,"8":5,"9":7,"10":7,"11":7,"12":7,"13":3,"14":1,"15":1,"16":1,"17":1,"18":1,"19":0,"20":0,"21":0,"22":0,"23":3,"24":1,"25":1,"26":1,"27":1,"28":0,"29":0,"30":0,"31":0,"32":3,"33":3},"f":{"0":12,"1":1,"2":1},"b":{"0":[8,4],"1":[7,0],"2":[0,0],"3":[0,0]},"_coverageSchema":"1a1c01bbd47fc00a2c39e90264f33305004495a9","hash":"45dd063ddb376e44c8a93469bb25844cd0397072"}
,"D:\\Projects\\GossipChimp\\components\\posting\\postingDAL.js": {"path":"D:\\Projects\\GossipChimp\\components\\posting\\postingDAL.js","statementMap":{"0":{"start":{"line":1,"column":17},"end":{"line":1,"column":36}},"1":{"start":{"line":2,"column":15},"end":{"line":2,"column":45}},"2":{"start":{"line":3,"column":15},"end":{"line":3,"column":45}},"3":{"start":{"line":4,"column":25},"end":{"line":4,"column":51}},"4":{"start":{"line":6,"column":17},"end":{"line":10,"column":2}},"5":{"start":{"line":13,"column":0},"end":{"line":28,"column":2}},"6":{"start":{"line":14,"column":2},"end":{"line":27,"column":3}},"7":{"start":{"line":15,"column":19},"end":{"line":15,"column":41}},"8":{"start":{"line":16,"column":4},"end":{"line":16,"column":24}},"9":{"start":{"line":18,"column":4},"end":{"line":20,"column":5}},"10":{"start":{"line":19,"column":6},"end":{"line":19,"column":16}},"11":{"start":{"line":21,"column":4},"end":{"line":26,"column":6}},"12":{"start":{"line":31,"column":0},"end":{"line":48,"column":5}},"13":{"start":{"line":32,"column":2},"end":{"line":48,"column":4}},"14":{"start":{"line":33,"column":4},"end":{"line":47,"column":6}},"15":{"start":{"line":40,"column":8},"end":{"line":45,"column":9}},"16":{"start":{"line":41,"column":10},"end":{"line":41,"column":29}},"17":{"start":{"line":42,"column":10},"end":{"line":42,"column":24}},"18":{"start":{"line":44,"column":10},"end":{"line":44,"column":26}},"19":{"start":{"line":51,"column":0},"end":{"line":73,"column":2}},"20":{"start":{"line":52,"column":2},"end":{"line":72,"column":3}},"21":{"start":{"line":53,"column":19},"end":{"line":53,"column":59}},"22":{"start":{"line":54,"column":4},"end":{"line":61,"column":5}},"23":{"start":{"line":55,"column":6},"end":{"line":60,"column":8}},"24":{"start":{"line":63,"column":4},"end":{"line":65,"column":5}},"25":{"start":{"line":64,"column":6},"end":{"line":64,"column":16}},"26":{"start":{"line":66,"column":4},"end":{"line":71,"column":6}},"27":{"start":{"line":76,"column":0},"end":{"line":101,"column":2}},"28":{"start":{"line":77,"column":2},"end":{"line":100,"column":3}},"29":{"start":{"line":78,"column":19},"end":{"line":78,"column":50}},"30":{"start":{"line":81,"column":4},"end":{"line":88,"column":5}},"31":{"start":{"line":82,"column":6},"end":{"line":87,"column":8}},"32":{"start":{"line":89,"column":4},"end":{"line":89,"column":18}},"33":{"start":{"line":91,"column":4},"end":{"line":93,"column":5}},"34":{"start":{"line":92,"column":6},"end":{"line":92,"column":16}},"35":{"start":{"line":94,"column":4},"end":{"line":99,"column":6}},"36":{"start":{"line":103,"column":0},"end":{"line":113,"column":5}},"37":{"start":{"line":104,"column":2},"end":{"line":113,"column":4}},"38":{"start":{"line":105,"column":4},"end":{"line":112,"column":7}},"39":{"start":{"line":106,"column":6},"end":{"line":111,"column":7}},"40":{"start":{"line":107,"column":8},"end":{"line":107,"column":28}},"41":{"start":{"line":108,"column":8},"end":{"line":108,"column":23}},"42":{"start":{"line":110,"column":8},"end":{"line":110,"column":25}}},"fnMap":{"0":{"name":"(anonymous_0)","decl":{"start":{"line":13,"column":21},"end":{"line":13,"column":22}},"loc":{"start":{"line":13,"column":43},"end":{"line":28,"column":1}},"line":13},"1":{"name":"(anonymous_1)","decl":{"start":{"line":31,"column":20},"end":{"line":31,"column":21}},"loc":{"start":{"line":32,"column":2},"end":{"line":48,"column":4}},"line":32},"2":{"name":"(anonymous_2)","decl":{"start":{"line":32,"column":14},"end":{"line":32,"column":15}},"loc":{"start":{"line":32,"column":35},"end":{"line":48,"column":3}},"line":32},"3":{"name":"(anonymous_3)","decl":{"start":{"line":39,"column":6},"end":{"line":39,"column":7}},"loc":{"start":{"line":39,"column":31},"end":{"line":46,"column":7}},"line":39},"4":{"name":"(anonymous_4)","decl":{"start":{"line":51,"column":23},"end":{"line":51,"column":24}},"loc":{"start":{"line":51,"column":43},"end":{"line":73,"column":1}},"line":51},"5":{"name":"(anonymous_5)","decl":{"start":{"line":76,"column":17},"end":{"line":76,"column":18}},"loc":{"start":{"line":76,"column":37},"end":{"line":101,"column":1}},"line":76},"6":{"name":"(anonymous_6)","decl":{"start":{"line":103,"column":22},"end":{"line":103,"column":23}},"loc":{"start":{"line":104,"column":2},"end":{"line":113,"column":4}},"line":104},"7":{"name":"(anonymous_7)","decl":{"start":{"line":104,"column":14},"end":{"line":104,"column":15}},"loc":{"start":{"line":104,"column":35},"end":{"line":113,"column":3}},"line":104},"8":{"name":"(anonymous_8)","decl":{"start":{"line":105,"column":33},"end":{"line":105,"column":34}},"loc":{"start":{"line":105,"column":60},"end":{"line":112,"column":5}},"line":105}},"branchMap":{"0":{"loc":{"start":{"line":18,"column":4},"end":{"line":20,"column":5}},"type":"if","locations":[{"start":{"line":18,"column":4},"end":{"line":20,"column":5}},{"start":{"line":18,"column":4},"end":{"line":20,"column":5}}],"line":18},"1":{"loc":{"start":{"line":40,"column":8},"end":{"line":45,"column":9}},"type":"if","locations":[{"start":{"line":40,"column":8},"end":{"line":45,"column":9}},{"start":{"line":40,"column":8},"end":{"line":45,"column":9}}],"line":40},"2":{"loc":{"start":{"line":54,"column":4},"end":{"line":61,"column":5}},"type":"if","locations":[{"start":{"line":54,"column":4},"end":{"line":61,"column":5}},{"start":{"line":54,"column":4},"end":{"line":61,"column":5}}],"line":54},"3":{"loc":{"start":{"line":63,"column":4},"end":{"line":65,"column":5}},"type":"if","locations":[{"start":{"line":63,"column":4},"end":{"line":65,"column":5}},{"start":{"line":63,"column":4},"end":{"line":65,"column":5}}],"line":63},"4":{"loc":{"start":{"line":81,"column":4},"end":{"line":88,"column":5}},"type":"if","locations":[{"start":{"line":81,"column":4},"end":{"line":88,"column":5}},{"start":{"line":81,"column":4},"end":{"line":88,"column":5}}],"line":81},"5":{"loc":{"start":{"line":91,"column":4},"end":{"line":93,"column":5}},"type":"if","locations":[{"start":{"line":91,"column":4},"end":{"line":93,"column":5}},{"start":{"line":91,"column":4},"end":{"line":93,"column":5}}],"line":91},"6":{"loc":{"start":{"line":106,"column":6},"end":{"line":111,"column":7}},"type":"if","locations":[{"start":{"line":106,"column":6},"end":{"line":111,"column":7}},{"start":{"line":106,"column":6},"end":{"line":111,"column":7}}],"line":106}},"s":{"0":1,"1":1,"2":1,"3":1,"4":1,"5":1,"6":5,"7":5,"8":5,"9":0,"10":0,"11":0,"12":1,"13":2,"14":2,"15":2,"16":0,"17":0,"18":2,"19":1,"20":1,"21":1,"22":1,"23":0,"24":0,"25":0,"26":0,"27":1,"28":2,"29":2,"30":2,"31":0,"32":2,"33":0,"34":0,"35":0,"36":1,"37":1,"38":1,"39":1,"40":0,"41":0,"42":1},"f":{"0":5,"1":2,"2":2,"3":2,"4":1,"5":2,"6":1,"7":1,"8":1},"b":{"0":[0,0],"1":[0,2],"2":[0,1],"3":[0,0],"4":[0,2],"5":[0,0],"6":[0,1]},"_coverageSchema":"1a1c01bbd47fc00a2c39e90264f33305004495a9","hash":"3b6fdd404bf3c894cf5f45529d5c740bc5357aeb"}
,"D:\\Projects\\GossipChimp\\components\\posting\\postingErrors.js": {"path":"D:\\Projects\\GossipChimp\\components\\posting\\postingErrors.js","statementMap":{"0":{"start":{"line":3,"column":4},"end":{"line":3,"column":12}},"1":{"start":{"line":4,"column":4},"end":{"line":4,"column":33}},"2":{"start":{"line":5,"column":4},"end":{"line":5,"column":27}},"3":{"start":{"line":6,"column":4},"end":{"line":6,"column":25}},"4":{"start":{"line":7,"column":4},"end":{"line":7,"column":39}},"5":{"start":{"line":11,"column":20},"end":{"line":24,"column":1}},"6":{"start":{"line":12,"column":49},"end":{"line":12,"column":52}},"7":{"start":{"line":13,"column":2},"end":{"line":23,"column":3}},"8":{"start":{"line":14,"column":4},"end":{"line":17,"column":7}},"9":{"start":{"line":19,"column":4},"end":{"line":22,"column":7}},"10":{"start":{"line":26,"column":32},"end":{"line":38,"column":1}},"11":{"start":{"line":27,"column":2},"end":{"line":37,"column":3}},"12":{"start":{"line":28,"column":4},"end":{"line":28,"column":26}},"13":{"start":{"line":30,"column":28},"end":{"line":35,"column":5}},"14":{"start":{"line":36,"column":4},"end":{"line":36,"column":38}},"15":{"start":{"line":40,"column":0},"end":{"line":44,"column":2}}},"fnMap":{"0":{"name":"(anonymous_0)","decl":{"start":{"line":2,"column":2},"end":{"line":2,"column":3}},"loc":{"start":{"line":2,"column":58},"end":{"line":8,"column":3}},"line":2},"1":{"name":"(anonymous_1)","decl":{"start":{"line":11,"column":20},"end":{"line":11,"column":21}},"loc":{"start":{"line":11,"column":40},"end":{"line":24,"column":1}},"line":11},"2":{"name":"(anonymous_2)","decl":{"start":{"line":26,"column":32},"end":{"line":26,"column":33}},"loc":{"start":{"line":26,"column":57},"end":{"line":38,"column":1}},"line":26}},"branchMap":{"0":{"loc":{"start":{"line":13,"column":2},"end":{"line":23,"column":3}},"type":"if","locations":[{"start":{"line":13,"column":2},"end":{"line":23,"column":3}},{"start":{"line":13,"column":2},"end":{"line":23,"column":3}}],"line":13},"1":{"loc":{"start":{"line":27,"column":2},"end":{"line":37,"column":3}},"type":"if","locations":[{"start":{"line":27,"column":2},"end":{"line":37,"column":3}},{"start":{"line":27,"column":2},"end":{"line":37,"column":3}}],"line":27}},"s":{"0":28,"1":28,"2":28,"3":28,"4":28,"5":4,"6":21,"7":21,"8":17,"9":4,"10":4,"11":21,"12":20,"13":1,"14":1,"15":4},"f":{"0":28,"1":21,"2":21},"b":{"0":[17,4],"1":[20,1]},"_coverageSchema":"1a1c01bbd47fc00a2c39e90264f33305004495a9","hash":"562b239ad523c85824bde191852ee3006afd1468"}
,"D:\\Projects\\GossipChimp\\components\\posting\\postingRouter.js": {"path":"D:\\Projects\\GossipChimp\\components\\posting\\postingRouter.js","statementMap":{"0":{"start":{"line":1,"column":16},"end":{"line":1,"column":34}},"1":{"start":{"line":2,"column":26},"end":{"line":2,"column":56}},"2":{"start":{"line":3,"column":23},"end":{"line":3,"column":61}},"3":{"start":{"line":4,"column":21},"end":{"line":4,"column":53}},"4":{"start":{"line":5,"column":27},"end":{"line":5,"column":65}},"5":{"start":{"line":6,"column":13},"end":{"line":6,"column":41}},"6":{"start":{"line":7,"column":15},"end":{"line":7,"column":45}},"7":{"start":{"line":8,"column":36},"end":{"line":8,"column":62}},"8":{"start":{"line":10,"column":15},"end":{"line":10,"column":35}},"9":{"start":{"line":12,"column":0},"end":{"line":18,"column":2}},"10":{"start":{"line":20,"column":0},"end":{"line":25,"column":2}},"11":{"start":{"line":27,"column":0},"end":{"line":27,"column":61}},"12":{"start":{"line":29,"column":0},"end":{"line":29,"column":36}},"13":{"start":{"line":32,"column":0},"end":{"line":35,"column":3}},"14":{"start":{"line":33,"column":2},"end":{"line":33,"column":45}},"15":{"start":{"line":34,"column":2},"end":{"line":34,"column":27}},"16":{"start":{"line":37,"column":0},"end":{"line":37,"column":24}}},"fnMap":{"0":{"name":"(anonymous_0)","decl":{"start":{"line":32,"column":33},"end":{"line":32,"column":34}},"loc":{"start":{"line":32,"column":47},"end":{"line":35,"column":1}},"line":32}},"branchMap":{},"s":{"0":4,"1":4,"2":4,"3":4,"4":4,"5":4,"6":4,"7":4,"8":4,"9":4,"10":4,"11":4,"12":4,"13":4,"14":0,"15":0,"16":4},"f":{"0":0},"b":{},"_coverageSchema":"1a1c01bbd47fc00a2c39e90264f33305004495a9","hash":"c457878a9e4b772edb529f9596dbbc846fd792db"}
,"D:\\Projects\\GossipChimp\\components\\posting\\postingService.js": {"path":"D:\\Projects\\GossipChimp\\components\\posting\\postingService.js","statementMap":{"0":{"start":{"line":1,"column":13},"end":{"line":1,"column":30}},"1":{"start":{"line":2,"column":15},"end":{"line":2,"column":35}},"2":{"start":{"line":3,"column":14},"end":{"line":3,"column":30}},"3":{"start":{"line":5,"column":16},"end":{"line":5,"column":36}},"4":{"start":{"line":6,"column":19},"end":{"line":6,"column":42}},"5":{"start":{"line":7,"column":25},"end":{"line":7,"column":51}},"6":{"start":{"line":8,"column":15},"end":{"line":8,"column":45}},"7":{"start":{"line":14,"column":19},"end":{"line":16,"column":1}},"8":{"start":{"line":15,"column":2},"end":{"line":15,"column":29}},"9":{"start":{"line":19,"column":24},"end":{"line":36,"column":1}},"10":{"start":{"line":20,"column":2},"end":{"line":35,"column":3}},"11":{"start":{"line":21,"column":27},"end":{"line":21,"column":78}},"12":{"start":{"line":22,"column":24},"end":{"line":22,"column":61}},"13":{"start":{"line":23,"column":4},"end":{"line":23,"column":29}},"14":{"start":{"line":24,"column":4},"end":{"line":24,"column":52}},"15":{"start":{"line":26,"column":4},"end":{"line":28,"column":5}},"16":{"start":{"line":27,"column":6},"end":{"line":27,"column":16}},"17":{"start":{"line":29,"column":4},"end":{"line":34,"column":6}},"18":{"start":{"line":39,"column":18},"end":{"line":66,"column":1}},"19":{"start":{"line":40,"column":2},"end":{"line":65,"column":3}},"20":{"start":{"line":41,"column":26},"end":{"line":41,"column":58}},"21":{"start":{"line":42,"column":4},"end":{"line":49,"column":5}},"22":{"start":{"line":43,"column":6},"end":{"line":48,"column":8}},"23":{"start":{"line":50,"column":22},"end":{"line":50,"column":59}},"24":{"start":{"line":51,"column":4},"end":{"line":54,"column":6}},"25":{"start":{"line":56,"column":4},"end":{"line":58,"column":5}},"26":{"start":{"line":57,"column":6},"end":{"line":57,"column":16}},"27":{"start":{"line":59,"column":4},"end":{"line":64,"column":6}},"28":{"start":{"line":69,"column":30},"end":{"line":88,"column":1}},"29":{"start":{"line":70,"column":2},"end":{"line":87,"column":3}},"30":{"start":{"line":71,"column":16},"end":{"line":71,"column":58}},"31":{"start":{"line":72,"column":25},"end":{"line":72,"column":49}},"32":{"start":{"line":73,"column":21},"end":{"line":75,"column":5}},"33":{"start":{"line":76,"column":4},"end":{"line":76,"column":32}},"34":{"start":{"line":78,"column":4},"end":{"line":80,"column":5}},"35":{"start":{"line":79,"column":6},"end":{"line":79,"column":16}},"36":{"start":{"line":81,"column":4},"end":{"line":86,"column":6}},"37":{"start":{"line":91,"column":23},"end":{"line":97,"column":1}},"38":{"start":{"line":92,"column":17},"end":{"line":92,"column":29}},"39":{"start":{"line":93,"column":2},"end":{"line":95,"column":3}},"40":{"start":{"line":94,"column":4},"end":{"line":94,"column":30}},"41":{"start":{"line":96,"column":2},"end":{"line":96,"column":14}},"42":{"start":{"line":100,"column":19},"end":{"line":137,"column":1}},"43":{"start":{"line":101,"column":2},"end":{"line":136,"column":3}},"44":{"start":{"line":103,"column":4},"end":{"line":103,"column":64}},"45":{"start":{"line":106,"column":4},"end":{"line":117,"column":5}},"46":{"start":{"line":108,"column":26},"end":{"line":108,"column":70}},"47":{"start":{"line":109,"column":6},"end":{"line":116,"column":7}},"48":{"start":{"line":110,"column":8},"end":{"line":115,"column":10}},"49":{"start":{"line":120,"column":4},"end":{"line":123,"column":5}},"50":{"start":{"line":121,"column":24},"end":{"line":121,"column":50}},"51":{"start":{"line":122,"column":6},"end":{"line":122,"column":38}},"52":{"start":{"line":125,"column":4},"end":{"line":125,"column":44}},"53":{"start":{"line":127,"column":4},"end":{"line":129,"column":5}},"54":{"start":{"line":128,"column":6},"end":{"line":128,"column":16}},"55":{"start":{"line":130,"column":4},"end":{"line":135,"column":6}},"56":{"start":{"line":140,"column":21},"end":{"line":166,"column":1}},"57":{"start":{"line":141,"column":2},"end":{"line":165,"column":3}},"58":{"start":{"line":142,"column":19},"end":{"line":142,"column":52}},"59":{"start":{"line":145,"column":4},"end":{"line":152,"column":5}},"60":{"start":{"line":146,"column":6},"end":{"line":151,"column":8}},"61":{"start":{"line":154,"column":4},"end":{"line":154,"column":51}},"62":{"start":{"line":156,"column":4},"end":{"line":158,"column":5}},"63":{"start":{"line":157,"column":6},"end":{"line":157,"column":16}},"64":{"start":{"line":159,"column":4},"end":{"line":164,"column":6}},"65":{"start":{"line":168,"column":20},"end":{"line":182,"column":1}},"66":{"start":{"line":169,"column":2},"end":{"line":181,"column":3}},"67":{"start":{"line":170,"column":4},"end":{"line":170,"column":49}},"68":{"start":{"line":172,"column":4},"end":{"line":174,"column":5}},"69":{"start":{"line":173,"column":6},"end":{"line":173,"column":16}},"70":{"start":{"line":175,"column":4},"end":{"line":180,"column":6}},"71":{"start":{"line":184,"column":23},"end":{"line":190,"column":1}},"72":{"start":{"line":192,"column":0},"end":{"line":192,"column":32}}},"fnMap":{"0":{"name":"(anonymous_0)","decl":{"start":{"line":14,"column":19},"end":{"line":14,"column":20}},"loc":{"start":{"line":14,"column":31},"end":{"line":16,"column":1}},"line":14},"1":{"name":"(anonymous_1)","decl":{"start":{"line":19,"column":24},"end":{"line":19,"column":25}},"loc":{"start":{"line":19,"column":41},"end":{"line":36,"column":1}},"line":19},"2":{"name":"(anonymous_2)","decl":{"start":{"line":39,"column":18},"end":{"line":39,"column":19}},"loc":{"start":{"line":39,"column":39},"end":{"line":66,"column":1}},"line":39},"3":{"name":"(anonymous_3)","decl":{"start":{"line":69,"column":30},"end":{"line":69,"column":31}},"loc":{"start":{"line":69,"column":46},"end":{"line":88,"column":1}},"line":69},"4":{"name":"(anonymous_4)","decl":{"start":{"line":91,"column":23},"end":{"line":91,"column":24}},"loc":{"start":{"line":91,"column":39},"end":{"line":97,"column":1}},"line":91},"5":{"name":"(anonymous_5)","decl":{"start":{"line":100,"column":19},"end":{"line":100,"column":20}},"loc":{"start":{"line":100,"column":52},"end":{"line":137,"column":1}},"line":100},"6":{"name":"(anonymous_6)","decl":{"start":{"line":140,"column":21},"end":{"line":140,"column":22}},"loc":{"start":{"line":140,"column":51},"end":{"line":166,"column":1}},"line":140},"7":{"name":"(anonymous_7)","decl":{"start":{"line":168,"column":20},"end":{"line":168,"column":21}},"loc":{"start":{"line":168,"column":39},"end":{"line":182,"column":1}},"line":168}},"branchMap":{"0":{"loc":{"start":{"line":26,"column":4},"end":{"line":28,"column":5}},"type":"if","locations":[{"start":{"line":26,"column":4},"end":{"line":28,"column":5}},{"start":{"line":26,"column":4},"end":{"line":28,"column":5}}],"line":26},"1":{"loc":{"start":{"line":42,"column":4},"end":{"line":49,"column":5}},"type":"if","locations":[{"start":{"line":42,"column":4},"end":{"line":49,"column":5}},{"start":{"line":42,"column":4},"end":{"line":49,"column":5}}],"line":42},"2":{"loc":{"start":{"line":56,"column":4},"end":{"line":58,"column":5}},"type":"if","locations":[{"start":{"line":56,"column":4},"end":{"line":58,"column":5}},{"start":{"line":56,"column":4},"end":{"line":58,"column":5}}],"line":56},"3":{"loc":{"start":{"line":78,"column":4},"end":{"line":80,"column":5}},"type":"if","locations":[{"start":{"line":78,"column":4},"end":{"line":80,"column":5}},{"start":{"line":78,"column":4},"end":{"line":80,"column":5}}],"line":78},"4":{"loc":{"start":{"line":93,"column":2},"end":{"line":95,"column":3}},"type":"if","locations":[{"start":{"line":93,"column":2},"end":{"line":95,"column":3}},{"start":{"line":93,"column":2},"end":{"line":95,"column":3}}],"line":93},"5":{"loc":{"start":{"line":106,"column":4},"end":{"line":117,"column":5}},"type":"if","locations":[{"start":{"line":106,"column":4},"end":{"line":117,"column":5}},{"start":{"line":106,"column":4},"end":{"line":117,"column":5}}],"line":106},"6":{"loc":{"start":{"line":109,"column":6},"end":{"line":116,"column":7}},"type":"if","locations":[{"start":{"line":109,"column":6},"end":{"line":116,"column":7}},{"start":{"line":109,"column":6},"end":{"line":116,"column":7}}],"line":109},"7":{"loc":{"start":{"line":120,"column":4},"end":{"line":123,"column":5}},"type":"if","locations":[{"start":{"line":120,"column":4},"end":{"line":123,"column":5}},{"start":{"line":120,"column":4},"end":{"line":123,"column":5}}],"line":120},"8":{"loc":{"start":{"line":127,"column":4},"end":{"line":129,"column":5}},"type":"if","locations":[{"start":{"line":127,"column":4},"end":{"line":129,"column":5}},{"start":{"line":127,"column":4},"end":{"line":129,"column":5}}],"line":127},"9":{"loc":{"start":{"line":145,"column":4},"end":{"line":152,"column":5}},"type":"if","locations":[{"start":{"line":145,"column":4},"end":{"line":152,"column":5}},{"start":{"line":145,"column":4},"end":{"line":152,"column":5}}],"line":145},"10":{"loc":{"start":{"line":156,"column":4},"end":{"line":158,"column":5}},"type":"if","locations":[{"start":{"line":156,"column":4},"end":{"line":158,"column":5}},{"start":{"line":156,"column":4},"end":{"line":158,"column":5}}],"line":156},"11":{"loc":{"start":{"line":172,"column":4},"end":{"line":174,"column":5}},"type":"if","locations":[{"start":{"line":172,"column":4},"end":{"line":174,"column":5}},{"start":{"line":172,"column":4},"end":{"line":174,"column":5}}],"line":172}},"s":{"0":2,"1":2,"2":2,"3":2,"4":2,"5":2,"6":2,"7":2,"8":2,"9":2,"10":7,"11":7,"12":7,"13":7,"14":7,"15":0,"16":0,"17":0,"18":2,"19":7,"20":7,"21":7,"22":4,"23":3,"24":2,"25":5,"26":4,"27":1,"28":2,"29":10,"30":10,"31":10,"32":10,"33":10,"34":0,"35":0,"36":0,"37":2,"38":11,"39":11,"40":1,"41":10,"42":2,"43":11,"44":11,"45":11,"46":10,"47":10,"48":1,"49":10,"50":7,"51":2,"52":5,"53":6,"54":6,"55":0,"56":2,"57":1,"58":1,"59":1,"60":0,"61":1,"62":0,"63":0,"64":0,"65":2,"66":1,"67":1,"68":0,"69":0,"70":0,"71":2,"72":2},"f":{"0":2,"1":7,"2":7,"3":10,"4":11,"5":11,"6":1,"7":1},"b":{"0":[0,0],"1":[4,3],"2":[4,1],"3":[0,0],"4":[1,10],"5":[10,1],"6":[1,9],"7":[7,3],"8":[6,0],"9":[0,1],"10":[0,0],"11":[0,0]},"_coverageSchema":"1a1c01bbd47fc00a2c39e90264f33305004495a9","hash":"60f791c4e7b4e57503d50378d3ddc61f9ccdfdbf"}
,"D:\\Projects\\GossipChimp\\components\\posting\\helpers\\convert.js": {"path":"D:\\Projects\\GossipChimp\\components\\posting\\helpers\\convert.js","statementMap":{"0":{"start":{"line":1,"column":11},"end":{"line":1,"column":43}},"1":{"start":{"line":2,"column":18},"end":{"line":2,"column":40}},"2":{"start":{"line":5,"column":16},"end":{"line":16,"column":1}},"3":{"start":{"line":6,"column":16},"end":{"line":6,"column":51}},"4":{"start":{"line":7,"column":22},"end":{"line":7,"column":23}},"5":{"start":{"line":8,"column":20},"end":{"line":8,"column":46}},"6":{"start":{"line":9,"column":17},"end":{"line":9,"column":56}},"7":{"start":{"line":11,"column":2},"end":{"line":13,"column":58}},"8":{"start":{"line":11,"column":15},"end":{"line":11,"column":16}},"9":{"start":{"line":12,"column":4},"end":{"line":13,"column":58}},"10":{"start":{"line":12,"column":17},"end":{"line":12,"column":18}},"11":{"start":{"line":13,"column":6},"end":{"line":13,"column":58}},"12":{"start":{"line":15,"column":2},"end":{"line":15,"column":80}},"13":{"start":{"line":18,"column":0},"end":{"line":18,"column":25}}},"fnMap":{"0":{"name":"(anonymous_0)","decl":{"start":{"line":5,"column":16},"end":{"line":5,"column":17}},"loc":{"start":{"line":5,"column":46},"end":{"line":16,"column":1}},"line":5}},"branchMap":{},"s":{"0":2,"1":2,"2":2,"3":7,"4":7,"5":7,"6":7,"7":7,"8":7,"9":10724000,"10":10724000,"11":32172000,"12":7,"13":2},"f":{"0":7},"b":{},"_coverageSchema":"1a1c01bbd47fc00a2c39e90264f33305004495a9","hash":"bea77a510d4f06cfb16cfc9a3c598bb5002daa93"}
,"D:\\Projects\\GossipChimp\\components\\posting\\helpers\\formatLink.js": {"path":"D:\\Projects\\GossipChimp\\components\\posting\\helpers\\formatLink.js","statementMap":{"0":{"start":{"line":1,"column":19},"end":{"line":5,"column":1}},"1":{"start":{"line":2,"column":24},"end":{"line":2,"column":41}},"2":{"start":{"line":3,"column":23},"end":{"line":3,"column":50}},"3":{"start":{"line":4,"column":2},"end":{"line":4,"column":25}},"4":{"start":{"line":7,"column":0},"end":{"line":7,"column":28}}},"fnMap":{"0":{"name":"(anonymous_0)","decl":{"start":{"line":1,"column":19},"end":{"line":1,"column":20}},"loc":{"start":{"line":1,"column":29},"end":{"line":5,"column":1}},"line":1}},"branchMap":{},"s":{"0":2,"1":10,"2":10,"3":10,"4":2},"f":{"0":10},"b":{},"_coverageSchema":"1a1c01bbd47fc00a2c39e90264f33305004495a9","hash":"f452be3d3ccf57410b15727a9c8540318752a285"}
,"D:\\Projects\\GossipChimp\\components\\posting\\helpers\\imgDecode.js": {"path":"D:\\Projects\\GossipChimp\\components\\posting\\helpers\\imgDecode.js","statementMap":{"0":{"start":{"line":1,"column":13},"end":{"line":1,"column":31}},"1":{"start":{"line":2,"column":14},"end":{"line":2,"column":30}},"2":{"start":{"line":3,"column":16},"end":{"line":3,"column":32}},"3":{"start":{"line":6,"column":18},"end":{"line":21,"column":1}},"4":{"start":{"line":8,"column":2},"end":{"line":19,"column":3}},"5":{"start":{"line":9,"column":4},"end":{"line":9,"column":47}},"6":{"start":{"line":10,"column":9},"end":{"line":19,"column":3}},"7":{"start":{"line":11,"column":4},"end":{"line":11,"column":37}},"8":{"start":{"line":12,"column":9},"end":{"line":19,"column":3}},"9":{"start":{"line":17,"column":19},"end":{"line":17,"column":59}},"10":{"start":{"line":18,"column":4},"end":{"line":18,"column":44}},"11":{"start":{"line":20,"column":2},"end":{"line":20,"column":15}},"12":{"start":{"line":23,"column":0},"end":{"line":23,"column":27}}},"fnMap":{"0":{"name":"(anonymous_0)","decl":{"start":{"line":6,"column":18},"end":{"line":6,"column":19}},"loc":{"start":{"line":6,"column":48},"end":{"line":21,"column":1}},"line":6}},"branchMap":{"0":{"loc":{"start":{"line":8,"column":2},"end":{"line":19,"column":3}},"type":"if","locations":[{"start":{"line":8,"column":2},"end":{"line":19,"column":3}},{"start":{"line":8,"column":2},"end":{"line":19,"column":3}}],"line":8},"1":{"loc":{"start":{"line":8,"column":6},"end":{"line":8,"column":57}},"type":"binary-expr","locations":[{"start":{"line":8,"column":6},"end":{"line":8,"column":29}},{"start":{"line":8,"column":33},"end":{"line":8,"column":57}}],"line":8},"2":{"loc":{"start":{"line":10,"column":9},"end":{"line":19,"column":3}},"type":"if","locations":[{"start":{"line":10,"column":9},"end":{"line":19,"column":3}},{"start":{"line":10,"column":9},"end":{"line":19,"column":3}}],"line":10},"3":{"loc":{"start":{"line":12,"column":9},"end":{"line":19,"column":3}},"type":"if","locations":[{"start":{"line":12,"column":9},"end":{"line":19,"column":3}},{"start":{"line":12,"column":9},"end":{"line":19,"column":3}}],"line":12},"4":{"loc":{"start":{"line":13,"column":4},"end":{"line":15,"column":28}},"type":"binary-expr","locations":[{"start":{"line":13,"column":4},"end":{"line":13,"column":31}},{"start":{"line":14,"column":4},"end":{"line":14,"column":27}},{"start":{"line":15,"column":4},"end":{"line":15,"column":28}}],"line":13}},"s":{"0":2,"1":2,"2":2,"3":2,"4":7,"5":4,"6":3,"7":1,"8":2,"9":2,"10":2,"11":7,"12":2},"f":{"0":7},"b":{"0":[4,3],"1":[7,7],"2":[1,2],"3":[2,0],"4":[2,2,1]},"_coverageSchema":"1a1c01bbd47fc00a2c39e90264f33305004495a9","hash":"4a264e7e0de42bba5c063412e1626297a08c758a"}
,"D:\\Projects\\GossipChimp\\components\\posting\\helpers\\index.js": {"path":"D:\\Projects\\GossipChimp\\components\\posting\\helpers\\index.js","statementMap":{"0":{"start":{"line":1,"column":16},"end":{"line":1,"column":36}},"1":{"start":{"line":2,"column":28},"end":{"line":2,"column":60}},"2":{"start":{"line":3,"column":19},"end":{"line":3,"column":42}},"3":{"start":{"line":5,"column":0},"end":{"line":9,"column":2}}},"fnMap":{},"branchMap":{},"s":{"0":2,"1":2,"2":2,"3":2},"f":{},"b":{},"_coverageSchema":"1a1c01bbd47fc00a2c39e90264f33305004495a9","hash":"6b972e5df63e23dba5c4d669a67e076cd834dfb3"}
,"D:\\Projects\\GossipChimp\\components\\posting\\helpers\\predictionEvaluator.js": {"path":"D:\\Projects\\GossipChimp\\components\\posting\\helpers\\predictionEvaluator.js","statementMap":{"0":{"start":{"line":2,"column":28},"end":{"line":15,"column":1}},"1":{"start":{"line":3,"column":24},"end":{"line":3,"column":26}},"2":{"start":{"line":4,"column":2},"end":{"line":13,"column":3}},"3":{"start":{"line":9,"column":33},"end":{"line":9,"column":61}},"4":{"start":{"line":10,"column":4},"end":{"line":12,"column":5}},"5":{"start":{"line":11,"column":6},"end":{"line":11,"column":22}},"6":{"start":{"line":14,"column":2},"end":{"line":14,"column":16}},"7":{"start":{"line":17,"column":0},"end":{"line":17,"column":37}}},"fnMap":{"0":{"name":"(anonymous_0)","decl":{"start":{"line":2,"column":28},"end":{"line":2,"column":29}},"loc":{"start":{"line":2,"column":44},"end":{"line":15,"column":1}},"line":2}},"branchMap":{"0":{"loc":{"start":{"line":4,"column":2},"end":{"line":13,"column":3}},"type":"if","locations":[{"start":{"line":4,"column":2},"end":{"line":13,"column":3}},{"start":{"line":4,"column":2},"end":{"line":13,"column":3}}],"line":4},"1":{"loc":{"start":{"line":5,"column":4},"end":{"line":7,"column":35}},"type":"binary-expr","locations":[{"start":{"line":5,"column":4},"end":{"line":5,"column":37}},{"start":{"line":6,"column":4},"end":{"line":6,"column":35}},{"start":{"line":7,"column":4},"end":{"line":7,"column":35}}],"line":5},"2":{"loc":{"start":{"line":10,"column":4},"end":{"line":12,"column":5}},"type":"if","locations":[{"start":{"line":10,"column":4},"end":{"line":12,"column":5}},{"start":{"line":10,"column":4},"end":{"line":12,"column":5}}],"line":10}},"s":{"0":2,"1":10,"2":10,"3":4,"4":4,"5":4,"6":6,"7":2},"f":{"0":10},"b":{"0":[4,6],"1":[10,10,10],"2":[4,0]},"_coverageSchema":"1a1c01bbd47fc00a2c39e90264f33305004495a9","hash":"4d750265458d9c2f66285bfa7b88a95e132d7162"}
,"D:\\Projects\\GossipChimp\\components\\posting\\helpers\\serenityCalculation.js": {"path":"D:\\Projects\\GossipChimp\\components\\posting\\helpers\\serenityCalculation.js","statementMap":{"0":{"start":{"line":1,"column":28},"end":{"line":1,"column":60}},"1":{"start":{"line":4,"column":28},"end":{"line":12,"column":1}},"2":{"start":{"line":5,"column":2},"end":{"line":10,"column":3}},"3":{"start":{"line":9,"column":4},"end":{"line":9,"column":20}},"4":{"start":{"line":11,"column":2},"end":{"line":11,"column":16}},"5":{"start":{"line":14,"column":0},"end":{"line":14,"column":37}}},"fnMap":{"0":{"name":"(anonymous_0)","decl":{"start":{"line":4,"column":28},"end":{"line":4,"column":29}},"loc":{"start":{"line":4,"column":51},"end":{"line":12,"column":1}},"line":4}},"branchMap":{"0":{"loc":{"start":{"line":5,"column":2},"end":{"line":10,"column":3}},"type":"if","locations":[{"start":{"line":5,"column":2},"end":{"line":10,"column":3}},{"start":{"line":5,"column":2},"end":{"line":10,"column":3}}],"line":5},"1":{"loc":{"start":{"line":6,"column":4},"end":{"line":7,"column":52}},"type":"binary-expr","locations":[{"start":{"line":6,"column":4},"end":{"line":6,"column":52}},{"start":{"line":7,"column":4},"end":{"line":7,"column":52}}],"line":6}},"s":{"0":2,"1":2,"2":7,"3":4,"4":3,"5":2},"f":{"0":7},"b":{"0":[4,3],"1":[7,3]},"_coverageSchema":"1a1c01bbd47fc00a2c39e90264f33305004495a9","hash":"2947eef790fed03896ae8f6b67837aa1f08f7f8b"}
,"D:\\Projects\\GossipChimp\\components\\posting\\middleware\\auth.js": {"path":"D:\\Projects\\GossipChimp\\components\\posting\\middleware\\auth.js","statementMap":{"0":{"start":{"line":1,"column":15},"end":{"line":1,"column":48}},"1":{"start":{"line":2,"column":25},"end":{"line":2,"column":52}},"2":{"start":{"line":4,"column":13},"end":{"line":16,"column":1}},"3":{"start":{"line":5,"column":19},"end":{"line":5,"column":41}},"4":{"start":{"line":6,"column":2},"end":{"line":14,"column":3}},"5":{"start":{"line":7,"column":16},"end":{"line":12,"column":5}},"6":{"start":{"line":13,"column":4},"end":{"line":13,"column":14}},"7":{"start":{"line":15,"column":2},"end":{"line":15,"column":9}},"8":{"start":{"line":18,"column":0},"end":{"line":18,"column":22}}},"fnMap":{"0":{"name":"(anonymous_0)","decl":{"start":{"line":4,"column":13},"end":{"line":4,"column":14}},"loc":{"start":{"line":4,"column":39},"end":{"line":16,"column":1}},"line":4}},"branchMap":{"0":{"loc":{"start":{"line":6,"column":2},"end":{"line":14,"column":3}},"type":"if","locations":[{"start":{"line":6,"column":2},"end":{"line":14,"column":3}},{"start":{"line":6,"column":2},"end":{"line":14,"column":3}}],"line":6}},"s":{"0":4,"1":4,"2":4,"3":28,"4":28,"5":2,"6":2,"7":28,"8":4},"f":{"0":28},"b":{"0":[2,26]},"_coverageSchema":"1a1c01bbd47fc00a2c39e90264f33305004495a9","hash":"ec9113619ad50cf09227b2ff5ca7bcd65ce9b38e"}
,"D:\\Projects\\GossipChimp\\components\\posting\\middleware\\multer.js": {"path":"D:\\Projects\\GossipChimp\\components\\posting\\middleware\\multer.js","statementMap":{"0":{"start":{"line":1,"column":15},"end":{"line":1,"column":32}},"1":{"start":{"line":2,"column":25},"end":{"line":2,"column":52}},"2":{"start":{"line":4,"column":15},"end":{"line":22,"column":2}},"3":{"start":{"line":9,"column":4},"end":{"line":19,"column":5}},"4":{"start":{"line":10,"column":6},"end":{"line":18,"column":8}},"5":{"start":{"line":20,"column":4},"end":{"line":20,"column":24}},"6":{"start":{"line":24,"column":0},"end":{"line":24,"column":24}}},"fnMap":{"0":{"name":"(anonymous_0)","decl":{"start":{"line":8,"column":2},"end":{"line":8,"column":3}},"loc":{"start":{"line":8,"column":28},"end":{"line":21,"column":3}},"line":8}},"branchMap":{"0":{"loc":{"start":{"line":9,"column":4},"end":{"line":19,"column":5}},"type":"if","locations":[{"start":{"line":9,"column":4},"end":{"line":19,"column":5}},{"start":{"line":9,"column":4},"end":{"line":19,"column":5}}],"line":9}},"s":{"0":4,"1":4,"2":4,"3":11,"4":1,"5":10,"6":4},"f":{"0":11},"b":{"0":[1,10]},"_coverageSchema":"1a1c01bbd47fc00a2c39e90264f33305004495a9","hash":"35d7bc5924a522d3bd6fc088d8148c7bebe072be"}
,"D:\\Projects\\GossipChimp\\components\\posting\\middleware\\validateGossip.js": {"path":"D:\\Projects\\GossipChimp\\components\\posting\\middleware\\validateGossip.js","statementMap":{"0":{"start":{"line":1,"column":25},"end":{"line":1,"column":52}},"1":{"start":{"line":4,"column":2},"end":{"line":17,"column":4}},"2":{"start":{"line":5,"column":18},"end":{"line":5,"column":34}},"3":{"start":{"line":6,"column":4},"end":{"line":15,"column":5}},"4":{"start":{"line":7,"column":25},"end":{"line":7,"column":31}},"5":{"start":{"line":8,"column":18},"end":{"line":13,"column":7}},"6":{"start":{"line":14,"column":6},"end":{"line":14,"column":16}},"7":{"start":{"line":16,"column":4},"end":{"line":16,"column":11}},"8":{"start":{"line":20,"column":0},"end":{"line":20,"column":32}}},"fnMap":{"0":{"name":"validateSchema","decl":{"start":{"line":3,"column":9},"end":{"line":3,"column":23}},"loc":{"start":{"line":3,"column":32},"end":{"line":18,"column":1}},"line":3},"1":{"name":"(anonymous_1)","decl":{"start":{"line":4,"column":9},"end":{"line":4,"column":10}},"loc":{"start":{"line":4,"column":29},"end":{"line":17,"column":3}},"line":4}},"branchMap":{"0":{"loc":{"start":{"line":6,"column":4},"end":{"line":15,"column":5}},"type":"if","locations":[{"start":{"line":6,"column":4},"end":{"line":15,"column":5}},{"start":{"line":6,"column":4},"end":{"line":15,"column":5}}],"line":6}},"s":{"0":4,"1":8,"2":23,"3":23,"4":9,"5":9,"6":9,"7":23,"8":4},"f":{"0":8,"1":23},"b":{"0":[9,14]},"_coverageSchema":"1a1c01bbd47fc00a2c39e90264f33305004495a9","hash":"3b6f9b37342ef65b690f7e9796002f85b41674ef"}
,"D:\\Projects\\GossipChimp\\components\\posting\\schema\\ajvInstance.js": {"path":"D:\\Projects\\GossipChimp\\components\\posting\\schema\\ajvInstance.js","statementMap":{"0":{"start":{"line":1,"column":12},"end":{"line":1,"column":26}},"1":{"start":{"line":2,"column":19},"end":{"line":2,"column":41}},"2":{"start":{"line":4,"column":20},"end":{"line":4,"column":48}},"3":{"start":{"line":5,"column":0},"end":{"line":5,"column":24}},"4":{"start":{"line":7,"column":0},"end":{"line":7,"column":29}}},"fnMap":{},"branchMap":{},"s":{"0":4,"1":4,"2":4,"3":4,"4":4},"f":{},"b":{},"_coverageSchema":"1a1c01bbd47fc00a2c39e90264f33305004495a9","hash":"0f10981189292ed51455d14ca2b28bf22b0d13d4"}
,"D:\\Projects\\GossipChimp\\components\\posting\\schema\\deleteGossipSchema.js": {"path":"D:\\Projects\\GossipChimp\\components\\posting\\schema\\deleteGossipSchema.js","statementMap":{"0":{"start":{"line":1,"column":20},"end":{"line":1,"column":44}},"1":{"start":{"line":3,"column":15},"end":{"line":15,"column":1}},"2":{"start":{"line":17,"column":17},"end":{"line":17,"column":44}},"3":{"start":{"line":18,"column":0},"end":{"line":18,"column":26}}},"fnMap":{},"branchMap":{},"s":{"0":4,"1":4,"2":4,"3":4},"f":{},"b":{},"_coverageSchema":"1a1c01bbd47fc00a2c39e90264f33305004495a9","hash":"dc4c1e40fa92fa32740bb31653e51cdc1653a724"}
,"D:\\Projects\\GossipChimp\\components\\posting\\schema\\gossipSchema.js": {"path":"D:\\Projects\\GossipChimp\\components\\posting\\schema\\gossipSchema.js","statementMap":{"0":{"start":{"line":1,"column":20},"end":{"line":1,"column":44}},"1":{"start":{"line":3,"column":15},"end":{"line":36,"column":1}},"2":{"start":{"line":38,"column":17},"end":{"line":38,"column":44}},"3":{"start":{"line":39,"column":0},"end":{"line":39,"column":26}}},"fnMap":{},"branchMap":{},"s":{"0":4,"1":4,"2":4,"3":4},"f":{},"b":{},"_coverageSchema":"1a1c01bbd47fc00a2c39e90264f33305004495a9","hash":"feecbd3c1384d9a3299fd19727fb377b6b33503e"}
,"D:\\Projects\\GossipChimp\\config\\config.js": {"path":"D:\\Projects\\GossipChimp\\config\\config.js","statementMap":{"0":{"start":{"line":1,"column":0},"end":{"line":1,"column":27}},"1":{"start":{"line":3,"column":0},"end":{"line":26,"column":2}}},"fnMap":{},"branchMap":{},"s":{"0":4,"1":4},"f":{},"b":{},"_coverageSchema":"1a1c01bbd47fc00a2c39e90264f33305004495a9","hash":"c21bb6ca7a7a24815340cae3c73c0ab32ac0a450"}
,"D:\\Projects\\GossipChimp\\db\\mongoose.js": {"path":"D:\\Projects\\GossipChimp\\db\\mongoose.js","statementMap":{"0":{"start":{"line":1,"column":17},"end":{"line":1,"column":36}},"1":{"start":{"line":2,"column":15},"end":{"line":2,"column":42}},"2":{"start":{"line":4,"column":13},"end":{"line":4,"column":32}},"3":{"start":{"line":5,"column":0},"end":{"line":7,"column":1}},"4":{"start":{"line":6,"column":2},"end":{"line":6,"column":36}},"5":{"start":{"line":9,"column":0},"end":{"line":11,"column":3}},"6":{"start":{"line":13,"column":0},"end":{"line":19,"column":5}},"7":{"start":{"line":15,"column":4},"end":{"line":15,"column":56}},"8":{"start":{"line":15,"column":31},"end":{"line":15,"column":56}},"9":{"start":{"line":18,"column":4},"end":{"line":18,"column":30}}},"fnMap":{"0":{"name":"(anonymous_0)","decl":{"start":{"line":14,"column":16},"end":{"line":14,"column":17}},"loc":{"start":{"line":14,"column":22},"end":{"line":16,"column":3}},"line":14},"1":{"name":"(anonymous_1)","decl":{"start":{"line":17,"column":15},"end":{"line":17,"column":16}},"loc":{"start":{"line":17,"column":26},"end":{"line":19,"column":3}},"line":17}},"branchMap":{"0":{"loc":{"start":{"line":5,"column":0},"end":{"line":7,"column":1}},"type":"if","locations":[{"start":{"line":5,"column":0},"end":{"line":7,"column":1}},{"start":{"line":5,"column":0},"end":{"line":7,"column":1}}],"line":5},"1":{"loc":{"start":{"line":15,"column":4},"end":{"line":15,"column":56}},"type":"if","locations":[{"start":{"line":15,"column":4},"end":{"line":15,"column":56}},{"start":{"line":15,"column":4},"end":{"line":15,"column":56}}],"line":15}},"s":{"0":4,"1":4,"2":4,"3":4,"4":4,"5":4,"6":4,"7":4,"8":0,"9":0},"f":{"0":4,"1":0},"b":{"0":[4,0],"1":[0,4]},"_coverageSchema":"1a1c01bbd47fc00a2c39e90264f33305004495a9","hash":"9c2a537c113d477997920183a00e56c8ae966fd6"}
,"D:\\Projects\\GossipChimp\\models\\gossip.js": {"path":"D:\\Projects\\GossipChimp\\models\\gossip.js","statementMap":{"0":{"start":{"line":1,"column":17},"end":{"line":1,"column":36}},"1":{"start":{"line":3,"column":21},"end":{"line":72,"column":2}},"2":{"start":{"line":74,"column":15},"end":{"line":74,"column":53}},"3":{"start":{"line":76,"column":0},"end":{"line":76,"column":24}}},"fnMap":{},"branchMap":{},"s":{"0":3,"1":3,"2":3,"3":3},"f":{},"b":{},"_coverageSchema":"1a1c01bbd47fc00a2c39e90264f33305004495a9","hash":"69fd68d9a8fafefe0375d7d7ff19baf4c83196e8"}
}
