TN:
SF:app.js
FNF:0
FNH:0
DA:1,4
DA:2,4
DA:3,4
DA:4,4
DA:6,4
DA:7,4
DA:8,4
DA:10,4
DA:12,4
LF:9
LH:9
BRF:0
BRH:0
end_of_record
TN:
SF:components\posting\index.js
FNF:0
FNH:0
DA:1,4
DA:3,4
LF:2
LH:2
BRF:0
BRH:0
end_of_record
TN:
SF:components\posting\postingController.js
FN:5,(anonymous_0)
FN:36,(anonymous_1)
FNF:2
FNH:2
FNDA:12,(anonymous_0)
FNDA:1,(anonymous_1)
DA:1,3
DA:2,3
DA:5,3
DA:6,12
DA:7,12
DA:9,12
DA:10,8
DA:17,12
DA:18,5
DA:22,7
DA:23,7
DA:25,7
DA:31,7
DA:36,3
DA:37,1
DA:38,1
DA:39,1
DA:40,1
DA:41,1
DA:43,0
DA:44,0
DA:46,0
DA:52,0
DA:56,3
DA:61,3
LF:25
LH:21
BRDA:9,0,0,8
BRDA:9,0,1,4
BRDA:22,1,0,7
BRDA:22,1,1,0
BRDA:43,2,0,0
BRDA:43,2,1,0
BRF:6
BRH:3
end_of_record
TN:
SF:components\posting\postingDAL.js
FN:13,(anonymous_0)
FN:31,(anonymous_1)
FN:32,(anonymous_2)
FN:39,(anonymous_3)
FN:50,(anonymous_4)
FN:75,(anonymous_5)
FNF:6
FNH:6
FNDA:5,(anonymous_0)
FNDA:2,(anonymous_1)
FNDA:2,(anonymous_2)
FNDA:4,(anonymous_3)
FNDA:1,(anonymous_4)
FNDA:2,(anonymous_5)
DA:1,1
DA:2,1
DA:3,1
DA:4,1
DA:6,1
DA:13,1
DA:14,5
DA:15,5
DA:16,5
DA:18,0
DA:19,0
DA:21,0
DA:31,1
DA:32,2
DA:33,2
DA:40,4
DA:41,2
DA:43,2
DA:50,1
DA:51,1
DA:52,1
DA:53,1
DA:54,0
DA:62,0
DA:63,0
DA:65,0
DA:75,1
DA:76,2
DA:77,2
DA:80,2
DA:81,0
DA:88,2
DA:90,0
DA:91,0
DA:93,0
LF:35
LH:24
BRDA:18,0,0,0
BRDA:18,0,1,0
BRDA:40,1,0,2
BRDA:40,1,1,2
BRDA:53,2,0,0
BRDA:53,2,1,1
BRDA:62,3,0,0
BRDA:62,3,1,0
BRDA:80,4,0,0
BRDA:80,4,1,2
BRDA:90,5,0,0
BRDA:90,5,1,0
BRF:12
BRH:4
end_of_record
TN:
SF:components\posting\postingErrors.js
FN:2,(anonymous_0)
FN:11,(anonymous_1)
FN:26,(anonymous_2)
FNF:3
FNH:3
FNDA:28,(anonymous_0)
FNDA:21,(anonymous_1)
FNDA:21,(anonymous_2)
DA:3,28
DA:4,28
DA:5,28
DA:6,28
DA:7,28
DA:11,4
DA:12,21
DA:13,21
DA:14,17
DA:19,4
DA:26,4
DA:27,21
DA:28,20
DA:30,1
DA:36,1
DA:40,4
LF:16
LH:16
BRDA:13,0,0,17
BRDA:13,0,1,4
BRDA:27,1,0,20
BRDA:27,1,1,1
BRF:4
BRH:4
end_of_record
TN:
SF:components\posting\postingRouter.js
FN:30,(anonymous_0)
FNF:1
FNH:0
FNDA:0,(anonymous_0)
DA:1,4
DA:2,4
DA:3,4
DA:4,4
DA:5,4
DA:6,4
DA:7,4
DA:8,4
DA:10,4
DA:12,4
DA:20,4
DA:27,4
DA:30,4
DA:31,0
DA:32,0
DA:35,4
LF:16
LH:14
BRF:0
BRH:0
end_of_record
TN:
SF:components\posting\postingService.js
FN:14,(anonymous_0)
FN:19,(anonymous_1)
FN:39,(anonymous_2)
FN:66,(anonymous_3)
FN:88,(anonymous_4)
FN:97,(anonymous_5)
FN:137,(anonymous_6)
FNF:7
FNH:7
FNDA:2,(anonymous_0)
FNDA:7,(anonymous_1)
FNDA:7,(anonymous_2)
FNDA:11,(anonymous_3)
FNDA:11,(anonymous_4)
FNDA:11,(anonymous_5)
FNDA:1,(anonymous_6)
DA:1,2
DA:2,2
DA:3,2
DA:5,2
DA:6,2
DA:7,2
DA:8,2
DA:14,2
DA:15,2
DA:19,2
DA:20,7
DA:21,7
DA:22,7
DA:23,7
DA:24,7
DA:26,0
DA:27,0
DA:29,0
DA:39,2
DA:40,7
DA:41,7
DA:42,7
DA:43,4
DA:50,3
DA:51,2
DA:53,5
DA:54,4
DA:56,1
DA:66,2
DA:67,11
DA:68,11
DA:69,11
DA:70,11
DA:73,11
DA:75,0
DA:76,0
DA:78,0
DA:88,2
DA:89,11
DA:90,11
DA:91,1
DA:93,10
DA:97,2
DA:98,11
DA:100,11
DA:103,11
DA:105,11
DA:106,11
DA:107,1
DA:117,10
DA:118,7
DA:119,2
DA:122,5
DA:124,6
DA:125,6
DA:127,0
DA:137,2
DA:138,1
DA:139,1
DA:142,1
DA:143,0
DA:151,1
DA:153,0
DA:154,0
DA:156,0
DA:165,2
DA:172,2
LF:67
LH:56
BRDA:26,0,0,0
BRDA:26,0,1,0
BRDA:42,1,0,4
BRDA:42,1,1,3
BRDA:53,2,0,4
BRDA:53,2,1,1
BRDA:75,3,0,0
BRDA:75,3,1,0
BRDA:90,4,0,1
BRDA:90,4,1,10
BRDA:103,5,0,11
BRDA:103,5,1,0
BRDA:106,6,0,1
BRDA:106,6,1,10
BRDA:117,7,0,7
BRDA:117,7,1,3
BRDA:124,8,0,6
BRDA:124,8,1,0
BRDA:142,9,0,0
BRDA:142,9,1,1
BRDA:153,10,0,0
BRDA:153,10,1,0
BRF:22
BRH:13
end_of_record
TN:
SF:components\posting\helpers\convert.js
FN:5,(anonymous_0)
FNF:1
FNH:1
FNDA:7,(anonymous_0)
DA:1,2
DA:2,2
DA:5,2
DA:6,7
DA:7,7
DA:8,7
DA:9,7
DA:11,7
DA:12,10724000
DA:13,32172000
DA:15,7
DA:18,2
LF:12
LH:12
BRF:0
BRH:0
end_of_record
TN:
SF:components\posting\helpers\formatLink.js
FN:1,(anonymous_0)
FNF:1
FNH:1
FNDA:11,(anonymous_0)
DA:1,2
DA:2,11
DA:3,11
DA:4,11
DA:7,2
LF:5
LH:5
BRF:0
BRH:0
end_of_record
TN:
SF:components\posting\helpers\imgDecode.js
FN:6,(anonymous_0)
FNF:1
FNH:1
FNDA:7,(anonymous_0)
DA:1,2
DA:2,2
DA:3,2
DA:6,2
DA:8,7
DA:9,4
DA:10,3
DA:11,1
DA:12,2
DA:17,2
DA:18,2
DA:20,7
DA:23,2
LF:13
LH:13
BRDA:8,0,0,4
BRDA:8,0,1,3
BRDA:8,1,0,7
BRDA:8,1,1,7
BRDA:10,2,0,1
BRDA:10,2,1,2
BRDA:12,3,0,2
BRDA:12,3,1,0
BRDA:13,4,0,2
BRDA:13,4,1,2
BRDA:13,4,2,1
BRF:11
BRH:10
end_of_record
TN:
SF:components\posting\helpers\index.js
FNF:0
FNH:0
DA:1,2
DA:2,2
DA:3,2
DA:5,2
LF:4
LH:4
BRF:0
BRH:0
end_of_record
TN:
SF:components\posting\helpers\predictionEvaluator.js
FN:2,(anonymous_0)
FNF:1
FNH:1
FNDA:10,(anonymous_0)
DA:2,2
DA:3,10
DA:4,10
DA:9,4
DA:10,4
DA:11,4
DA:14,6
DA:17,2
LF:8
LH:8
BRDA:4,0,0,4
BRDA:4,0,1,6
BRDA:5,1,0,10
BRDA:5,1,1,10
BRDA:5,1,2,10
BRDA:10,2,0,4
BRDA:10,2,1,0
BRF:7
BRH:6
end_of_record
TN:
SF:components\posting\helpers\serenityCalculation.js
FN:4,(anonymous_0)
FNF:1
FNH:1
FNDA:7,(anonymous_0)
DA:1,2
DA:4,2
DA:5,7
DA:9,4
DA:11,3
DA:14,2
LF:6
LH:6
BRDA:5,0,0,4
BRDA:5,0,1,3
BRDA:6,1,0,7
BRDA:6,1,1,3
BRF:4
BRH:4
end_of_record
TN:
SF:components\posting\middleware\auth.js
FN:4,(anonymous_0)
FNF:1
FNH:1
FNDA:27,(anonymous_0)
DA:1,4
DA:2,4
DA:4,4
DA:5,27
DA:6,27
DA:7,2
DA:13,2
DA:15,27
DA:18,4
LF:9
LH:9
BRDA:6,0,0,2
BRDA:6,0,1,25
BRF:2
BRH:2
end_of_record
TN:
SF:components\posting\middleware\multer.js
FN:8,(anonymous_0)
FNF:1
FNH:1
FNDA:11,(anonymous_0)
DA:1,4
DA:2,4
DA:4,4
DA:9,11
DA:10,1
DA:20,10
DA:24,4
LF:7
LH:7
BRDA:9,0,0,1
BRDA:9,0,1,10
BRF:2
BRH:2
end_of_record
TN:
SF:components\posting\middleware\validateGossip.js
FN:3,validateSchema
FN:4,(anonymous_1)
FNF:2
FNH:2
FNDA:8,validateSchema
FNDA:23,(anonymous_1)
DA:1,4
DA:4,8
DA:5,23
DA:6,23
DA:7,9
DA:8,9
DA:14,9
DA:16,23
DA:20,4
LF:9
LH:9
BRDA:6,0,0,9
BRDA:6,0,1,14
BRF:2
BRH:2
end_of_record
TN:
SF:components\posting\schema\ajvInstance.js
FNF:0
FNH:0
DA:1,4
DA:2,4
DA:4,4
DA:5,4
DA:7,4
LF:5
LH:5
BRF:0
BRH:0
end_of_record
TN:
SF:components\posting\schema\deleteGossipSchema.js
FNF:0
FNH:0
DA:1,4
DA:3,4
DA:17,4
DA:18,4
LF:4
LH:4
BRF:0
BRH:0
end_of_record
TN:
SF:components\posting\schema\gossipSchema.js
FNF:0
FNH:0
DA:1,4
DA:3,4
DA:38,4
DA:39,4
LF:4
LH:4
BRF:0
BRH:0
end_of_record
TN:
SF:config\config.js
FNF:0
FNH:0
DA:1,4
DA:3,4
LF:2
LH:2
BRF:0
BRH:0
end_of_record
TN:
SF:db\mongoose.js
FN:14,(anonymous_0)
FN:17,(anonymous_1)
FNF:2
FNH:1
FNDA:4,(anonymous_0)
FNDA:0,(anonymous_1)
DA:1,4
DA:2,4
DA:4,4
DA:5,4
DA:6,4
DA:9,4
DA:13,4
DA:15,4
DA:18,0
LF:9
LH:8
BRDA:5,0,0,4
BRDA:5,0,1,0
BRDA:15,1,0,0
BRDA:15,1,1,4
BRF:4
BRH:2
end_of_record
TN:
SF:models\gossip.js
FNF:0
FNH:0
DA:1,3
DA:3,3
DA:69,3
DA:71,3
LF:4
LH:4
BRF:0
BRH:0
end_of_record
