TN:
SF:app.js
FNF:0
FNH:0
DA:1,4
DA:2,4
DA:3,4
DA:4,4
DA:6,4
DA:7,4
DA:8,4
DA:10,4
DA:12,4
LF:9
LH:9
BRF:0
BRH:0
end_of_record
TN:
SF:components\posting\index.js
FNF:0
FNH:0
DA:1,4
DA:3,4
LF:2
LH:2
BRF:0
BRH:0
end_of_record
TN:
SF:components\posting\postingController.js
FN:4,(anonymous_0)
FNF:1
FNH:1
FNDA:6,(anonymous_0)
DA:1,3
DA:2,3
DA:4,3
DA:5,6
DA:6,6
DA:8,6
DA:9,4
DA:16,6
DA:17,3
DA:21,3
DA:22,3
DA:24,3
DA:30,3
DA:34,3
DA:38,3
LF:15
LH:15
BRDA:8,0,0,4
BRDA:8,0,1,2
BRDA:21,1,0,3
BRDA:21,1,1,0
BRF:4
BRH:3
end_of_record
TN:
SF:components\posting\postingDAL.js
FN:13,(anonymous_0)
FN:31,(anonymous_1)
FN:32,(anonymous_2)
FN:39,(anonymous_3)
FNF:4
FNH:4
FNDA:3,(anonymous_0)
FNDA:1,(anonymous_1)
FNDA:1,(anonymous_2)
FNDA:2,(anonymous_3)
DA:1,1
DA:2,1
DA:3,1
DA:4,1
DA:6,1
DA:13,1
DA:14,3
DA:15,3
DA:16,3
DA:18,0
DA:19,0
DA:21,0
DA:31,1
DA:32,1
DA:33,1
DA:40,2
DA:41,1
DA:43,1
LF:18
LH:15
BRDA:18,0,0,0
BRDA:18,0,1,0
BRDA:40,1,0,1
BRDA:40,1,1,1
BRF:4
BRH:2
end_of_record
TN:
SF:components\posting\postingErrors.js
FN:2,(anonymous_0)
FN:11,(anonymous_1)
FN:26,(anonymous_2)
FNF:3
FNH:3
FNDA:19,(anonymous_0)
FNDA:16,(anonymous_1)
FNDA:16,(anonymous_2)
DA:3,19
DA:4,19
DA:5,19
DA:6,19
DA:7,19
DA:11,4
DA:12,16
DA:13,16
DA:14,12
DA:19,4
DA:26,4
DA:27,16
DA:28,15
DA:30,1
DA:36,1
DA:40,4
LF:16
LH:16
BRDA:13,0,0,12
BRDA:13,0,1,4
BRDA:27,1,0,15
BRDA:27,1,1,1
BRF:4
BRH:4
end_of_record
TN:
SF:components\posting\postingRouter.js
FN:22,(anonymous_0)
FNF:1
FNH:0
FNDA:0,(anonymous_0)
DA:1,4
DA:2,4
DA:3,4
DA:4,4
DA:5,4
DA:6,4
DA:7,4
DA:9,4
DA:11,4
DA:19,4
DA:22,4
DA:23,0
DA:24,0
DA:27,4
LF:14
LH:12
BRF:0
BRH:0
end_of_record
TN:
SF:components\posting\postingService.js
FN:13,(anonymous_0)
FN:18,(anonymous_1)
FN:36,(anonymous_2)
FN:50,(anonymous_3)
FN:76,(anonymous_4)
FN:84,(anonymous_5)
FN:111,(anonymous_6)
FNF:7
FNH:7
FNDA:2,(anonymous_0)
FNDA:3,(anonymous_1)
FNDA:3,(anonymous_2)
FNDA:3,(anonymous_3)
FNDA:3,(anonymous_4)
FNDA:3,(anonymous_5)
FNDA:5,(anonymous_6)
DA:1,2
DA:2,2
DA:3,2
DA:4,2
DA:5,2
DA:9,2
DA:10,2
DA:13,2
DA:14,2
DA:18,2
DA:20,3
DA:21,3
DA:22,0
DA:23,0
DA:24,0
DA:29,0
DA:30,0
DA:32,3
DA:36,2
DA:37,3
DA:38,3
DA:39,3
DA:40,3
DA:42,3
DA:43,5273000
DA:44,15819000
DA:46,3
DA:50,2
DA:51,3
DA:52,3
DA:57,1
DA:58,1
DA:59,1
DA:61,2
DA:66,0
DA:67,0
DA:68,0
DA:71,2
DA:76,2
DA:77,3
DA:78,3
DA:79,3
DA:80,3
DA:84,2
DA:85,3
DA:86,3
DA:87,3
DA:88,1
DA:95,2
DA:96,1
DA:98,2
DA:99,1
DA:101,1
DA:111,2
DA:112,5
DA:113,5
DA:114,3
DA:115,1
DA:117,3
DA:119,2
DA:120,2
DA:122,0
DA:131,2
DA:137,2
LF:64
LH:55
BRDA:20,0,0,3
BRDA:20,0,1,0
BRDA:20,1,0,3
BRDA:20,1,1,3
BRDA:22,2,0,0
BRDA:22,2,1,0
BRDA:24,3,0,0
BRDA:24,3,1,0
BRDA:25,4,0,0
BRDA:25,4,1,0
BRDA:25,4,2,0
BRDA:52,5,0,1
BRDA:52,5,1,2
BRDA:53,6,0,3
BRDA:53,6,1,3
BRDA:53,6,2,3
BRDA:58,7,0,1
BRDA:58,7,1,0
BRDA:61,8,0,0
BRDA:61,8,1,2
BRDA:62,9,0,2
BRDA:62,9,1,2
BRDA:62,9,2,2
BRDA:67,10,0,0
BRDA:67,10,1,0
BRDA:87,11,0,1
BRDA:87,11,1,2
BRDA:98,12,0,1
BRDA:98,12,1,1
BRDA:113,13,0,3
BRDA:113,13,1,2
BRDA:119,14,0,2
BRDA:119,14,1,0
BRF:33
BRH:20
end_of_record
TN:
SF:components\posting\middleware\auth.js
FN:4,(anonymous_0)
FNF:1
FNH:1
FNDA:19,(anonymous_0)
DA:1,4
DA:2,4
DA:4,4
DA:5,19
DA:6,19
DA:7,2
DA:13,2
DA:15,19
DA:18,4
LF:9
LH:9
BRDA:6,0,0,2
BRDA:6,0,1,17
BRF:2
BRH:2
end_of_record
TN:
SF:components\posting\middleware\multer.js
FN:8,(anonymous_0)
FNF:1
FNH:1
FNDA:7,(anonymous_0)
DA:1,4
DA:2,4
DA:4,4
DA:9,7
DA:10,1
DA:20,6
DA:24,4
LF:7
LH:7
BRDA:9,0,0,1
BRDA:9,0,1,6
BRF:2
BRH:2
end_of_record
TN:
SF:components\posting\middleware\validateGossip.js
FN:3,validateGossip
FN:4,(anonymous_1)
FNF:2
FNH:2
FNDA:4,validateGossip
FNDA:15,(anonymous_1)
DA:1,4
DA:4,4
DA:5,15
DA:6,15
DA:7,8
DA:8,8
DA:14,8
DA:16,15
DA:20,4
LF:9
LH:9
BRDA:6,0,0,8
BRDA:6,0,1,7
BRF:2
BRH:2
end_of_record
TN:
SF:components\posting\schema\ajvInstance.js
FNF:0
FNH:0
DA:1,4
DA:2,4
DA:4,4
DA:5,4
DA:7,4
LF:5
LH:5
BRF:0
BRH:0
end_of_record
TN:
SF:components\posting\schema\gossipSchema.js
FNF:0
FNH:0
DA:1,4
DA:3,4
DA:37,4
DA:38,4
LF:4
LH:4
BRF:0
BRH:0
end_of_record
TN:
SF:config\config.js
FNF:0
FNH:0
DA:1,4
DA:3,4
LF:2
LH:2
BRF:0
BRH:0
end_of_record
TN:
SF:db\mongoose.js
FN:14,(anonymous_0)
FN:17,(anonymous_1)
FNF:2
FNH:1
FNDA:4,(anonymous_0)
FNDA:0,(anonymous_1)
DA:1,4
DA:2,4
DA:4,4
DA:5,4
DA:6,4
DA:9,4
DA:13,4
DA:15,4
DA:18,0
LF:9
LH:8
BRDA:5,0,0,4
BRDA:5,0,1,0
BRDA:15,1,0,0
BRDA:15,1,1,4
BRF:4
BRH:2
end_of_record
TN:
SF:models\gossip.js
FNF:0
FNH:0
DA:1,3
DA:3,3
DA:69,3
DA:71,3
LF:4
LH:4
BRF:0
BRH:0
end_of_record
